Couldn't import dot_parser, loading of dot files will not be possible.
Misclassification rate: [ 0.9009]
Average loss: [ 0.68698967]
Misclassification rate: [ 0.0533]
Average loss: [ 0.13258384]
Misclassification rate: [ 0.0405]
Average loss: [ 0.08683941]
Misclassification rate: [ 0.0362]
Average loss: [ 0.05719521]
Misclassification rate: [ 0.0308]
Average loss: [ 0.04233709]
Misclassification rate: [ 0.0248]
Average loss: [ 0.03432748]
Misclassification rate: [ 0.0296]
Average loss: [ 0.02946606]
Misclassification rate: [ 0.0297]
Average loss: [ 0.02201345]
Misclassification rate: [ 0.0222]
Average loss: [ 0.01661872]
Misclassification rate: [ 0.0225]
Average loss: [ 0.01879623]
Misclassification rate: [ 0.0346]
Average loss: [ 0.01270358]
Misclassification rate: [ 0.0232]
Average loss: [ 0.00716612]
Misclassification rate: [ 0.0238]
Average loss: [ 0.00984051]
Misclassification rate: [ 0.0198]
Average loss: [ 0.01218419]
Misclassification rate: [ 0.021]
Average loss: [ 0.00725767]
Misclassification rate: [ 0.0226]
Average loss: [ 0.00907512]
Misclassification rate: [ 0.0196]
Average loss: [ 0.01048652]
Misclassification rate: [ 0.0235]
Average loss: [ 0.00932779]
Misclassification rate: [ 0.0214]
Average loss: [ 0.00490101]
Misclassification rate: [ 0.0276]
Average loss: [ 0.00231583]
Misclassification rate: [ 0.019]
Average loss: [ 0.00175893]
Misclassification rate: [ 0.0188]
Average loss: [ 0.0013779]
Misclassification rate: [ 0.0163]
Average loss: [ 0.00018057]
Misclassification rate: [ 0.016]
Average loss: [  8.43357629e-05]
Misclassification rate: [ 0.016]
Average loss: [  6.72874667e-05]
Misclassification rate: [ 0.016]
Average loss: [  5.77338251e-05]
Misclassification rate: [ 0.016]
Average loss: [  5.11597864e-05]
Misclassification rate: [ 0.0162]
Average loss: [  4.61846976e-05]
Misclassification rate: [ 0.0161]
Average loss: [  4.22654666e-05]
Misclassification rate: [ 0.0161]
Average loss: [  3.90548339e-05]
Misclassification rate: [ 0.0161]
Average loss: [  3.63883737e-05]
Misclassification rate: [ 0.0161]
Average loss: [  3.41275590e-05]
Misclassification rate: [ 0.0161]
Average loss: [  3.21601183e-05]
Misclassification rate: [ 0.0162]
Average loss: [  3.04433543e-05]
Misclassification rate: [ 0.0163]
Average loss: [  2.89201998e-05]
Misclassification rate: [ 0.0163]
Average loss: [  2.75693346e-05]
Misclassification rate: [ 0.0163]
Average loss: [  2.63553047e-05]
Misclassification rate: [ 0.0162]
Average loss: [  2.52498630e-05]
Misclassification rate: [ 0.0162]
Average loss: [  2.42489696e-05]
Misclassification rate: [ 0.016]
Average loss: [  2.33189585e-05]
Misclassification rate: [ 0.016]
Average loss: [  2.24720006e-05]
Misclassification rate: [ 0.016]
Average loss: [  2.16906938e-05]
Misclassification rate: [ 0.016]
Average loss: [  2.09633490e-05]
Misclassification rate: [ 0.016]
Average loss: [  2.02828796e-05]
Misclassification rate: [ 0.016]
Average loss: [  1.96624951e-05]
Misclassification rate: [ 0.016]
Average loss: [  1.90716073e-05]
Misclassification rate: [ 0.0161]
Average loss: [  1.85202334e-05]
Misclassification rate: [ 0.0161]
Average loss: [  1.80074785e-05]
Misclassification rate: [ 0.0161]
Average loss: [  1.75188488e-05]
Misclassification rate: [ 0.0161]
Average loss: [  1.70591138e-05]
Misclassification rate: [ 0.0161]
Average loss: [  1.66252794e-05]
Misclassification rate: [ 0.0162]
Average loss: [  1.62167180e-05]
Misclassification rate: [ 0.0163]
Average loss: [  1.58256153e-05]
Misclassification rate: [ 0.0164]
Average loss: [  1.54597692e-05]
Misclassification rate: [ 0.0164]
Average loss: [  1.51012455e-05]
Misclassification rate: [ 0.0164]
Average loss: [  1.47662304e-05]
Misclassification rate: [ 0.0164]
Average loss: [  1.44442083e-05]
Misclassification rate: [ 0.0164]
Average loss: [  1.41376695e-05]
Misclassification rate: [ 0.0164]
Average loss: [  1.38407013e-05]
Misclassification rate: [ 0.0164]
Average loss: [  1.35630135e-05]
Misclassification rate: [ 0.0164]
Average loss: [  1.32930472e-05]
Misclassification rate: [ 0.0164]
Average loss: [  1.30354210e-05]
Misclassification rate: [ 0.0164]
Average loss: [  1.27898975e-05]
Misclassification rate: [ 0.0164]
Average loss: [  1.25516717e-05]
Misclassification rate: [ 0.0164]
Average loss: [  1.23257278e-05]
Misclassification rate: [ 0.0164]
Average loss: [  1.21043040e-05]
Misclassification rate: [ 0.0163]
Average loss: [  1.18929938e-05]
Misclassification rate: [ 0.0163]
Average loss: [  1.16884758e-05]
Misclassification rate: [ 0.0164]
Average loss: [  1.14906488e-05]
Misclassification rate: [ 0.0164]
Average loss: [  1.12979396e-05]
Misclassification rate: [ 0.0164]
Average loss: [  1.11138033e-05]
Misclassification rate: [ 0.0164]
Average loss: [  1.09357607e-05]
Misclassification rate: [ 0.0164]
Average loss: [  1.07621618e-05]
Misclassification rate: [ 0.0164]
Average loss: [  1.05951021e-05]
Misclassification rate: [ 0.0164]
Average loss: [  1.04324563e-05]
Misclassification rate: [ 0.0164]
Average loss: [  1.02760878e-05]
Misclassification rate: [ 0.0164]
Average loss: [  1.01234828e-05]
Misclassification rate: [ 0.0163]
Average loss: [  9.97639654e-06]
Misclassification rate: [ 0.0163]
Average loss: [  9.83262271e-06]
Misclassification rate: [ 0.0163]
Average loss: [  9.69423218e-06]
Misclassification rate: [ 0.0163]
Average loss: [  9.55912310e-06]
Misclassification rate: [ 0.0163]
Average loss: [  9.42705356e-06]
Misclassification rate: [ 0.0163]
Average loss: [  9.29945782e-06]
Misclassification rate: [ 0.0163]
Average loss: [  9.17617126e-06]
Misclassification rate: [ 0.0163]
Average loss: [  9.05428533e-06]
Misclassification rate: [ 0.0163]
Average loss: [  8.93697597e-06]
Misclassification rate: [ 0.0163]
Average loss: [  8.82347013e-06]
Misclassification rate: [ 0.0163]
Average loss: [  8.71136490e-06]
Misclassification rate: [ 0.0163]
Average loss: [  8.60264208e-06]
Misclassification rate: [ 0.0163]
Average loss: [  8.49716344e-06]
Misclassification rate: [ 0.0162]
Average loss: [  8.39406675e-06]
Misclassification rate: [ 0.0162]
Average loss: [  8.29376313e-06]
Misclassification rate: [ 0.0162]
Average loss: [  8.19533943e-06]
Misclassification rate: [ 0.0162]
Average loss: [  8.09990161e-06]
Misclassification rate: [ 0.0162]
Average loss: [  8.00695761e-06]
Misclassification rate: [ 0.0162]
Average loss: [  7.91572256e-06]
Misclassification rate: [ 0.0162]
Average loss: [  7.82692950e-06]
Misclassification rate: [ 0.0162]
Average loss: [  7.73956435e-06]
Misclassification rate: [ 0.0162]
Average loss: [  7.65389723e-06]
Misclassification rate: [ 0.0162]
Average loss: [  7.57109865e-06]
Misclassification rate: [ 0.0162]
Average loss: [  7.48883258e-06]
Misclassification rate: [ 0.0162]
Average loss: [  7.40931864e-06]
Misclassification rate: [ 0.0162]
Average loss: [  7.33071192e-06]
Misclassification rate: [ 0.0162]
Average loss: [  7.25429754e-06]
Misclassification rate: [ 0.0162]
Average loss: [  7.17889679e-06]
Misclassification rate: [ 0.0162]
Average loss: [  7.10611994e-06]
Misclassification rate: [ 0.0162]
Average loss: [  7.03369869e-06]
Misclassification rate: [ 0.0162]
Average loss: [  6.96353482e-06]
Misclassification rate: [ 0.0162]
Average loss: [  6.89503258e-06]
Misclassification rate: [ 0.0162]
Average loss: [  6.82688051e-06]
Misclassification rate: [ 0.0162]
Average loss: [  6.76104719e-06]
Misclassification rate: [ 0.0162]
Average loss: [  6.69628798e-06]
Misclassification rate: [ 0.0162]
Average loss: [  6.63236688e-06]
Misclassification rate: [ 0.0162]
Average loss: [  6.57042392e-06]
Misclassification rate: [ 0.0162]
Average loss: [  6.50859965e-06]
Misclassification rate: [ 0.0162]
Average loss: [  6.44836882e-06]
Misclassification rate: [ 0.0162]
Average loss: [  6.39003974e-06]
Misclassification rate: [ 0.0162]
Average loss: [  6.33167201e-06]
Misclassification rate: [ 0.0162]
Average loss: [  6.27475538e-06]
Misclassification rate: [ 0.0162]
Average loss: [  6.21951358e-06]
Misclassification rate: [ 0.0162]
Average loss: [  6.16441139e-06]
Misclassification rate: [ 0.0162]
Average loss: [  6.11103042e-06]
Misclassification rate: [ 0.0162]
Average loss: [  6.05808555e-06]
Misclassification rate: [ 0.0162]
Training halted normally with message: 0.0 stopping training. Value did not lower by a fraction exceeding 0.016 for 100 epochs.
